2020-05-11 01:53:44.3588|WARN|WebProjekti.Controllers.AccountController|https://localhost:44350/Account/ConfirmEmail?userId=c98ed39c-ce1f-4a53-a143-5e03a856c59f&token=CfDJ8BscxiSL%2BvVLtLs6GsgcyU7d6Ezr2nzbb2qtMZiYS4Jj4duJEaREJvUvrRn0g0RE%2BSmV%2B3bw1lqK5hobAxDhospO52Jwv2IWxlnlZdjtJ5nrBZuXKTWn3n%2FhytNs2lUb4k%2FcTzvKBwPlKlLbaMKSeQehgBjkmVLLEF869%2BYui0N9uGa4R5bOxoJJsiYGUotTai6V233OlTljsVUcpSgCltveE8kweidfyR3%2BOK6zP9Zxvn9I5C04dOSFpFb0ZPGQsw%3D%3D
2020-05-11 01:54:12.1191|ERROR|Microsoft.EntityFrameworkCore.Database.Command|Failed executing DbCommand (9ms) [Parameters=[@p0='?' (Size = 450), @p1='?' (DbType = Int32), @p2='?' (Size = 4000), @p3='?' (Size = 4000), @p4='?' (Size = 256), @p5='?' (DbType = Boolean), @p6='?' (DbType = Boolean), @p7='?' (DbType = DateTimeOffset), @p8='?' (Size = 256), @p9='?' (Size = 256), @p10='?' (Size = 4000), @p11='?' (Size = 4000), @p12='?' (DbType = Boolean), @p13='?' (Size = 4000), @p14='?' (DbType = Boolean), @p15='?' (Size = 256), @p16='?' (DbType = Int32)], CommandType='Text', CommandTimeout='30']
SET NOCOUNT ON;
INSERT INTO [AspNetUsers] ([Id], [AccessFailedCount], [ConcurrencyStamp], [Discriminator], [Email], [EmailConfirmed], [LockoutEnabled], [LockoutEnd], [NormalizedEmail], [NormalizedUserName], [PasswordHash], [PhoneNumber], [PhoneNumberConfirmed], [SecurityStamp], [TwoFactorEnabled], [UserName], [ClientID])
VALUES (@p0, @p1, @p2, @p3, @p4, @p5, @p6, @p7, @p8, @p9, @p10, @p11, @p12, @p13, @p14, @p15, @p16);
2020-05-11 01:54:12.1545|ERROR|Microsoft.EntityFrameworkCore.Update|An exception occurred in the database while saving changes for context type 'DataAccessLayer.ApplicationDbContext'.
Microsoft.EntityFrameworkCore.DbUpdateException: An error occurred while updating the entries. See the inner exception for details.
 ---> Microsoft.Data.SqlClient.SqlException (0x80131904): The INSERT statement conflicted with the FOREIGN KEY constraint "FK__AspNetUse__Clien__7849DB76". The conflict occurred in database "BankManagment", table "dbo.Persons", column 'ID'.
The statement has been terminated.
   at Microsoft.Data.SqlClient.SqlCommand.<>c.<ExecuteDbDataReaderAsync>b__164_0(Task`1 result)
   at System.Threading.Tasks.ContinuationResultTaskFromResultTask`2.InnerInvoke()
   at System.Threading.Tasks.Task.<>c.<.cctor>b__274_0(Object obj)
   at System.Threading.ExecutionContext.RunInternal(ExecutionContext executionContext, ContextCallback callback, Object state)
--- End of stack trace from previous location where exception was thrown ---
   at System.Threading.ExecutionContext.RunInternal(ExecutionContext executionContext, ContextCallback callback, Object state)
   at System.Threading.Tasks.Task.ExecuteWithThreadLocal(Task& currentTaskSlot, Thread threadPoolThread)
--- End of stack trace from previous location where exception was thrown ---
   at Microsoft.EntityFrameworkCore.Storage.RelationalCommand.ExecuteReaderAsync(RelationalCommandParameterObject parameterObject, CancellationToken cancellationToken)
   at Microsoft.EntityFrameworkCore.Storage.RelationalCommand.ExecuteReaderAsync(RelationalCommandParameterObject parameterObject, CancellationToken cancellationToken)
   at Microsoft.EntityFrameworkCore.Storage.RelationalCommand.ExecuteReaderAsync(RelationalCommandParameterObject parameterObject, CancellationToken cancellationToken)
   at Microsoft.EntityFrameworkCore.Update.ReaderModificationCommandBatch.ExecuteAsync(IRelationalConnection connection, CancellationToken cancellationToken)
ClientConnectionId:436c8d33-7cc4-4118-b5cb-fbdeed523f63
Error Number:547,State:0,Class:16
   --- End of inner exception stack trace ---
   at Microsoft.EntityFrameworkCore.Update.ReaderModificationCommandBatch.ExecuteAsync(IRelationalConnection connection, CancellationToken cancellationToken)
   at Microsoft.EntityFrameworkCore.Update.Internal.BatchExecutor.ExecuteAsync(IEnumerable`1 commandBatches, IRelationalConnection connection, CancellationToken cancellationToken)
   at Microsoft.EntityFrameworkCore.Update.Internal.BatchExecutor.ExecuteAsync(IEnumerable`1 commandBatches, IRelationalConnection connection, CancellationToken cancellationToken)
   at Microsoft.EntityFrameworkCore.ChangeTracking.Internal.StateManager.SaveChangesAsync(IList`1 entriesToSave, CancellationToken cancellationToken)
   at Microsoft.EntityFrameworkCore.ChangeTracking.Internal.StateManager.SaveChangesAsync(DbContext _, Boolean acceptAllChangesOnSuccess, CancellationToken cancellationToken)
   at Microsoft.EntityFrameworkCore.SqlServer.Storage.Internal.SqlServerExecutionStrategy.ExecuteAsync[TState,TResult](TState state, Func`4 operation, Func`4 verifySucceeded, CancellationToken cancellationToken)
   at Microsoft.EntityFrameworkCore.DbContext.SaveChangesAsync(Boolean acceptAllChangesOnSuccess, CancellationToken cancellationToken)
2020-05-11 01:54:12.3190|ERROR|Microsoft.AspNetCore.Diagnostics.DeveloperExceptionPageMiddleware|An unhandled exception has occurred while executing the request.
2020-05-11 01:59:40.1749|INFO|Microsoft.Hosting.Lifetime|Application started. Press Ctrl+C to shut down.
2020-05-11 01:59:40.2383|INFO|Microsoft.Hosting.Lifetime|Hosting environment: Development
2020-05-11 01:59:40.2383|INFO|Microsoft.Hosting.Lifetime|Content root path: C:\Users\Admin\Desktop\WebProjekti\WebProjekti
2020-05-11 02:00:04.6504|WARN|Microsoft.EntityFrameworkCore.Model.Validation|No type was specified for the decimal column 'MaxTotal' on entity type 'SavingAccounts'. This will cause values to be silently truncated if they do not fit in the default precision and scale. Explicitly specify the SQL server column type that can accommodate all the values using 'HasColumnType()'.
2020-05-11 02:00:05.7433|ERROR|Microsoft.EntityFrameworkCore.Database.Command|Failed executing DbCommand (10ms) [Parameters=[@p0='?' (Size = 450), @p1='?' (DbType = Int32), @p2='?' (Size = 4000), @p3='?' (Size = 4000), @p4='?' (Size = 256), @p5='?' (DbType = Boolean), @p6='?' (DbType = Boolean), @p7='?' (DbType = DateTimeOffset), @p8='?' (Size = 256), @p9='?' (Size = 256), @p10='?' (Size = 4000), @p11='?' (Size = 4000), @p12='?' (DbType = Boolean), @p13='?' (Size = 4000), @p14='?' (DbType = Boolean), @p15='?' (Size = 256), @p16='?' (DbType = Int32)], CommandType='Text', CommandTimeout='30']
SET NOCOUNT ON;
INSERT INTO [AspNetUsers] ([Id], [AccessFailedCount], [ConcurrencyStamp], [Discriminator], [Email], [EmailConfirmed], [LockoutEnabled], [LockoutEnd], [NormalizedEmail], [NormalizedUserName], [PasswordHash], [PhoneNumber], [PhoneNumberConfirmed], [SecurityStamp], [TwoFactorEnabled], [UserName], [ClientID])
VALUES (@p0, @p1, @p2, @p3, @p4, @p5, @p6, @p7, @p8, @p9, @p10, @p11, @p12, @p13, @p14, @p15, @p16);
2020-05-11 02:00:05.8249|ERROR|Microsoft.EntityFrameworkCore.Update|An exception occurred in the database while saving changes for context type 'DataAccessLayer.ApplicationDbContext'.
Microsoft.EntityFrameworkCore.DbUpdateException: An error occurred while updating the entries. See the inner exception for details.
 ---> Microsoft.Data.SqlClient.SqlException (0x80131904): The INSERT statement conflicted with the FOREIGN KEY constraint "FK__AspNetUse__Clien__7849DB76". The conflict occurred in database "BankManagment", table "dbo.Persons", column 'ID'.
The statement has been terminated.
   at Microsoft.Data.SqlClient.SqlCommand.<>c.<ExecuteDbDataReaderAsync>b__164_0(Task`1 result)
   at System.Threading.Tasks.ContinuationResultTaskFromResultTask`2.InnerInvoke()
   at System.Threading.Tasks.Task.<>c.<.cctor>b__274_0(Object obj)
   at System.Threading.ExecutionContext.RunInternal(ExecutionContext executionContext, ContextCallback callback, Object state)
--- End of stack trace from previous location where exception was thrown ---
   at System.Threading.ExecutionContext.RunInternal(ExecutionContext executionContext, ContextCallback callback, Object state)
   at System.Threading.Tasks.Task.ExecuteWithThreadLocal(Task& currentTaskSlot, Thread threadPoolThread)
--- End of stack trace from previous location where exception was thrown ---
   at Microsoft.EntityFrameworkCore.Storage.RelationalCommand.ExecuteReaderAsync(RelationalCommandParameterObject parameterObject, CancellationToken cancellationToken)
   at Microsoft.EntityFrameworkCore.Storage.RelationalCommand.ExecuteReaderAsync(RelationalCommandParameterObject parameterObject, CancellationToken cancellationToken)
   at Microsoft.EntityFrameworkCore.Storage.RelationalCommand.ExecuteReaderAsync(RelationalCommandParameterObject parameterObject, CancellationToken cancellationToken)
   at Microsoft.EntityFrameworkCore.Update.ReaderModificationCommandBatch.ExecuteAsync(IRelationalConnection connection, CancellationToken cancellationToken)
ClientConnectionId:75be15df-6512-40f6-ae59-6309accd9488
Error Number:547,State:0,Class:16
   --- End of inner exception stack trace ---
   at Microsoft.EntityFrameworkCore.Update.ReaderModificationCommandBatch.ExecuteAsync(IRelationalConnection connection, CancellationToken cancellationToken)
   at Microsoft.EntityFrameworkCore.Update.Internal.BatchExecutor.ExecuteAsync(IEnumerable`1 commandBatches, IRelationalConnection connection, CancellationToken cancellationToken)
   at Microsoft.EntityFrameworkCore.Update.Internal.BatchExecutor.ExecuteAsync(IEnumerable`1 commandBatches, IRelationalConnection connection, CancellationToken cancellationToken)
   at Microsoft.EntityFrameworkCore.ChangeTracking.Internal.StateManager.SaveChangesAsync(IList`1 entriesToSave, CancellationToken cancellationToken)
   at Microsoft.EntityFrameworkCore.ChangeTracking.Internal.StateManager.SaveChangesAsync(DbContext _, Boolean acceptAllChangesOnSuccess, CancellationToken cancellationToken)
   at Microsoft.EntityFrameworkCore.SqlServer.Storage.Internal.SqlServerExecutionStrategy.ExecuteAsync[TState,TResult](TState state, Func`4 operation, Func`4 verifySucceeded, CancellationToken cancellationToken)
   at Microsoft.EntityFrameworkCore.DbContext.SaveChangesAsync(Boolean acceptAllChangesOnSuccess, CancellationToken cancellationToken)
2020-05-11 02:00:06.0319|ERROR|Microsoft.AspNetCore.Diagnostics.DeveloperExceptionPageMiddleware|An unhandled exception has occurred while executing the request.
2020-05-11 02:01:12.4219|INFO|Microsoft.Hosting.Lifetime|Application started. Press Ctrl+C to shut down.
2020-05-11 02:01:12.4810|INFO|Microsoft.Hosting.Lifetime|Hosting environment: Development
2020-05-11 02:01:12.4889|INFO|Microsoft.Hosting.Lifetime|Content root path: C:\Users\Admin\Desktop\WebProjekti\WebProjekti
2020-05-11 02:01:18.2995|WARN|Microsoft.EntityFrameworkCore.Model.Validation|No type was specified for the decimal column 'MaxTotal' on entity type 'SavingAccounts'. This will cause values to be silently truncated if they do not fit in the default precision and scale. Explicitly specify the SQL server column type that can accommodate all the values using 'HasColumnType()'.
2020-05-11 02:08:20.0694|INFO|Microsoft.Hosting.Lifetime|Application started. Press Ctrl+C to shut down.
2020-05-11 02:08:20.1187|INFO|Microsoft.Hosting.Lifetime|Hosting environment: Development
2020-05-11 02:08:20.1187|INFO|Microsoft.Hosting.Lifetime|Content root path: C:\Users\Admin\Desktop\WebProjekti\WebProjekti
2020-05-11 02:08:36.8464|WARN|Microsoft.EntityFrameworkCore.Model.Validation|No type was specified for the decimal column 'MaxTotal' on entity type 'SavingAccounts'. This will cause values to be silently truncated if they do not fit in the default precision and scale. Explicitly specify the SQL server column type that can accommodate all the values using 'HasColumnType()'.
2020-05-11 02:10:14.9548|INFO|Microsoft.Hosting.Lifetime|Application started. Press Ctrl+C to shut down.
2020-05-11 02:10:15.0134|INFO|Microsoft.Hosting.Lifetime|Hosting environment: Development
2020-05-11 02:10:15.0216|INFO|Microsoft.Hosting.Lifetime|Content root path: C:\Users\Admin\Desktop\WebProjekti\WebProjekti
2020-05-11 02:10:53.6469|WARN|Microsoft.EntityFrameworkCore.Model.Validation|No type was specified for the decimal column 'MaxTotal' on entity type 'SavingAccounts'. This will cause values to be silently truncated if they do not fit in the default precision and scale. Explicitly specify the SQL server column type that can accommodate all the values using 'HasColumnType()'.
2020-05-11 02:12:31.8103|INFO|Microsoft.Hosting.Lifetime|Application started. Press Ctrl+C to shut down.
2020-05-11 02:12:31.8737|INFO|Microsoft.Hosting.Lifetime|Hosting environment: Development
2020-05-11 02:12:31.8820|INFO|Microsoft.Hosting.Lifetime|Content root path: C:\Users\Admin\Desktop\WebProjekti\WebProjekti
2020-05-11 02:12:37.4193|WARN|Microsoft.EntityFrameworkCore.Model.Validation|No type was specified for the decimal column 'MaxTotal' on entity type 'SavingAccounts'. This will cause values to be silently truncated if they do not fit in the default precision and scale. Explicitly specify the SQL server column type that can accommodate all the values using 'HasColumnType()'.
2020-05-11 02:12:39.0336|WARN|WebProjekti.Controllers.AccountController|https://localhost:44350/Account/ConfirmEmail?userId=8025b264-6b1c-4ec2-a927-8059332450f2&token=CfDJ8BscxiSL%2BvVLtLs6GsgcyU47tZYxLUckdEnApFgC%2FG%2BI1cS0BkedDGL759sIr6kg4IfjLB7Y5y%2FuMSZFz0ekkYL3elKDfIRV4OoYnlVh3ZZFZ4y5Q07VCd5uLUsW1ao6rHYs%2BmWk2otdYs7mB3EcD3SGKG69QKvEHGz1r64VreSctcgllSg%2FphtvxJwHYpbvkgrZuSlAm1R0kY8wBXaaKrSIUPzcsS%2FOF0%2FEyaYyYOr2ACdQlgA2IHW0qwrzwbygZg%3D%3D
2020-05-11 02:14:15.2752|INFO|Microsoft.Hosting.Lifetime|Application started. Press Ctrl+C to shut down.
2020-05-11 02:14:15.3237|INFO|Microsoft.Hosting.Lifetime|Hosting environment: Development
2020-05-11 02:14:15.3305|INFO|Microsoft.Hosting.Lifetime|Content root path: C:\Users\Admin\Desktop\WebProjekti\WebProjekti
2020-05-11 02:14:21.9723|WARN|Microsoft.EntityFrameworkCore.Model.Validation|No type was specified for the decimal column 'MaxTotal' on entity type 'SavingAccounts'. This will cause values to be silently truncated if they do not fit in the default precision and scale. Explicitly specify the SQL server column type that can accommodate all the values using 'HasColumnType()'.
2020-05-11 14:43:37.0756|INFO|Microsoft.Hosting.Lifetime|Application started. Press Ctrl+C to shut down.
2020-05-11 14:43:37.1949|INFO|Microsoft.Hosting.Lifetime|Hosting environment: Development
2020-05-11 14:43:37.2083|INFO|Microsoft.Hosting.Lifetime|Content root path: C:\Users\Admin\Desktop\WebProjekti\WebProjekti
2020-05-11 14:43:44.4610|WARN|Microsoft.EntityFrameworkCore.Model.Validation|No type was specified for the decimal column 'MaxTotal' on entity type 'SavingAccounts'. This will cause values to be silently truncated if they do not fit in the default precision and scale. Explicitly specify the SQL server column type that can accommodate all the values using 'HasColumnType()'.
2020-05-11 14:45:07.2064|INFO|Microsoft.Hosting.Lifetime|Application started. Press Ctrl+C to shut down.
2020-05-11 14:45:07.3160|INFO|Microsoft.Hosting.Lifetime|Hosting environment: Development
2020-05-11 14:45:07.3160|INFO|Microsoft.Hosting.Lifetime|Content root path: C:\Users\Admin\Desktop\WebProjekti\WebProjekti
2020-05-11 14:45:45.9402|INFO|Microsoft.Hosting.Lifetime|Application started. Press Ctrl+C to shut down.
2020-05-11 14:45:46.0523|INFO|Microsoft.Hosting.Lifetime|Hosting environment: Development
2020-05-11 14:45:46.0698|INFO|Microsoft.Hosting.Lifetime|Content root path: C:\Users\Admin\Desktop\WebProjekti\WebProjekti
2020-05-11 14:45:53.1529|WARN|Microsoft.EntityFrameworkCore.Model.Validation|No type was specified for the decimal column 'MaxTotal' on entity type 'SavingAccounts'. This will cause values to be silently truncated if they do not fit in the default precision and scale. Explicitly specify the SQL server column type that can accommodate all the values using 'HasColumnType()'.
2020-05-11 14:48:14.6309|INFO|Microsoft.Hosting.Lifetime|Application started. Press Ctrl+C to shut down.
2020-05-11 14:48:14.7763|INFO|Microsoft.Hosting.Lifetime|Hosting environment: Development
2020-05-11 14:48:14.7882|INFO|Microsoft.Hosting.Lifetime|Content root path: C:\Users\Admin\Desktop\WebProjekti\WebProjekti
2020-05-11 14:49:13.2400|WARN|Microsoft.EntityFrameworkCore.Model.Validation|No type was specified for the decimal column 'MaxTotal' on entity type 'SavingAccounts'. This will cause values to be silently truncated if they do not fit in the default precision and scale. Explicitly specify the SQL server column type that can accommodate all the values using 'HasColumnType()'.
2020-05-11 15:13:56.9880|INFO|Microsoft.Hosting.Lifetime|Application started. Press Ctrl+C to shut down.
2020-05-11 15:13:57.1088|INFO|Microsoft.Hosting.Lifetime|Hosting environment: Development
2020-05-11 15:13:57.1215|INFO|Microsoft.Hosting.Lifetime|Content root path: C:\Users\Admin\Desktop\WebProjekti\WebProjekti
2020-05-11 15:14:12.9144|WARN|Microsoft.EntityFrameworkCore.Model.Validation|No type was specified for the decimal column 'MaxTotal' on entity type 'SavingAccounts'. This will cause values to be silently truncated if they do not fit in the default precision and scale. Explicitly specify the SQL server column type that can accommodate all the values using 'HasColumnType()'.
2020-05-11 15:49:44.9018|INFO|Microsoft.Hosting.Lifetime|Application started. Press Ctrl+C to shut down.
2020-05-11 15:49:45.1587|INFO|Microsoft.Hosting.Lifetime|Hosting environment: Development
2020-05-11 15:49:45.2103|INFO|Microsoft.Hosting.Lifetime|Content root path: C:\Users\Admin\Desktop\WebProjekti\WebProjekti
2020-05-11 15:49:53.4554|WARN|Microsoft.EntityFrameworkCore.Model.Validation|No type was specified for the decimal column 'MaxTotal' on entity type 'SavingAccounts'. This will cause values to be silently truncated if they do not fit in the default precision and scale. Explicitly specify the SQL server column type that can accommodate all the values using 'HasColumnType()'.
2020-05-11 15:50:32.9287|ERROR|Microsoft.AspNetCore.Diagnostics.DeveloperExceptionPageMiddleware|An unhandled exception has occurred while executing the request.
2020-05-11 15:52:06.8474|INFO|Microsoft.Hosting.Lifetime|Application started. Press Ctrl+C to shut down.
2020-05-11 15:52:07.1017|INFO|Microsoft.Hosting.Lifetime|Hosting environment: Development
2020-05-11 15:52:07.1219|INFO|Microsoft.Hosting.Lifetime|Content root path: C:\Users\Admin\Desktop\WebProjekti\WebProjekti
2020-05-11 15:52:17.4763|WARN|Microsoft.EntityFrameworkCore.Model.Validation|No type was specified for the decimal column 'MaxTotal' on entity type 'SavingAccounts'. This will cause values to be silently truncated if they do not fit in the default precision and scale. Explicitly specify the SQL server column type that can accommodate all the values using 'HasColumnType()'.
2020-05-11 15:54:09.0774|INFO|Microsoft.Hosting.Lifetime|Application started. Press Ctrl+C to shut down.
2020-05-11 15:54:09.2289|INFO|Microsoft.Hosting.Lifetime|Hosting environment: Development
2020-05-11 15:54:09.2488|INFO|Microsoft.Hosting.Lifetime|Content root path: C:\Users\Admin\Desktop\WebProjekti\WebProjekti
2020-05-11 15:54:18.1620|WARN|Microsoft.EntityFrameworkCore.Model.Validation|No type was specified for the decimal column 'MaxTotal' on entity type 'SavingAccounts'. This will cause values to be silently truncated if they do not fit in the default precision and scale. Explicitly specify the SQL server column type that can accommodate all the values using 'HasColumnType()'.
2020-05-11 16:03:02.9941|INFO|Microsoft.Hosting.Lifetime|Application started. Press Ctrl+C to shut down.
2020-05-11 16:03:03.1879|INFO|Microsoft.Hosting.Lifetime|Hosting environment: Development
2020-05-11 16:03:03.2003|INFO|Microsoft.Hosting.Lifetime|Content root path: C:\Users\Admin\Desktop\WebProjekti\WebProjekti
2020-05-11 16:03:30.9278|WARN|Microsoft.EntityFrameworkCore.Model.Validation|No type was specified for the decimal column 'MaxTotal' on entity type 'SavingAccounts'. This will cause values to be silently truncated if they do not fit in the default precision and scale. Explicitly specify the SQL server column type that can accommodate all the values using 'HasColumnType()'.
2020-05-11 16:04:18.4901|INFO|Microsoft.Hosting.Lifetime|Application started. Press Ctrl+C to shut down.
2020-05-11 16:04:18.6267|INFO|Microsoft.Hosting.Lifetime|Hosting environment: Development
2020-05-11 16:04:18.6510|INFO|Microsoft.Hosting.Lifetime|Content root path: C:\Users\Admin\Desktop\WebProjekti\WebProjekti
2020-05-11 16:04:28.2786|WARN|Microsoft.EntityFrameworkCore.Model.Validation|No type was specified for the decimal column 'MaxTotal' on entity type 'SavingAccounts'. This will cause values to be silently truncated if they do not fit in the default precision and scale. Explicitly specify the SQL server column type that can accommodate all the values using 'HasColumnType()'.
2020-05-11 16:08:29.2450|INFO|Microsoft.Hosting.Lifetime|Application started. Press Ctrl+C to shut down.
2020-05-11 16:08:29.3474|INFO|Microsoft.Hosting.Lifetime|Hosting environment: Development
2020-05-11 16:08:29.3474|INFO|Microsoft.Hosting.Lifetime|Content root path: C:\Users\Admin\Desktop\WebProjekti\WebProjekti
2020-05-11 16:08:49.2179|WARN|Microsoft.EntityFrameworkCore.Model.Validation|No type was specified for the decimal column 'MaxTotal' on entity type 'SavingAccounts'. This will cause values to be silently truncated if they do not fit in the default precision and scale. Explicitly specify the SQL server column type that can accommodate all the values using 'HasColumnType()'.
2020-05-11 16:08:59.2598|ERROR|Microsoft.AspNetCore.Diagnostics.DeveloperExceptionPageMiddleware|An unhandled exception has occurred while executing the request.
2020-05-11 16:20:53.8384|INFO|Microsoft.Hosting.Lifetime|Application started. Press Ctrl+C to shut down.
2020-05-11 16:20:53.9586|INFO|Microsoft.Hosting.Lifetime|Hosting environment: Development
2020-05-11 16:20:53.9745|INFO|Microsoft.Hosting.Lifetime|Content root path: C:\Users\Admin\Desktop\WebProjekti\WebProjekti
2020-05-11 16:21:31.4705|WARN|Microsoft.EntityFrameworkCore.Model.Validation|No type was specified for the decimal column 'MaxTotal' on entity type 'SavingAccounts'. This will cause values to be silently truncated if they do not fit in the default precision and scale. Explicitly specify the SQL server column type that can accommodate all the values using 'HasColumnType()'.
2020-05-11 16:27:06.4009|INFO|Microsoft.Hosting.Lifetime|Application started. Press Ctrl+C to shut down.
2020-05-11 16:27:06.5114|INFO|Microsoft.Hosting.Lifetime|Hosting environment: Development
2020-05-11 16:27:06.5254|INFO|Microsoft.Hosting.Lifetime|Content root path: C:\Users\Admin\Desktop\WebProjekti\WebProjekti
2020-05-11 16:27:47.6407|WARN|Microsoft.EntityFrameworkCore.Model.Validation|No type was specified for the decimal column 'MaxTotal' on entity type 'SavingAccounts'. This will cause values to be silently truncated if they do not fit in the default precision and scale. Explicitly specify the SQL server column type that can accommodate all the values using 'HasColumnType()'.
2020-05-11 16:33:36.6222|INFO|Microsoft.Hosting.Lifetime|Application started. Press Ctrl+C to shut down.
2020-05-11 16:33:36.8302|INFO|Microsoft.Hosting.Lifetime|Hosting environment: Development
2020-05-11 16:33:36.8550|INFO|Microsoft.Hosting.Lifetime|Content root path: C:\Users\Admin\Desktop\WebProjekti\WebProjekti
2020-05-11 16:33:44.4701|WARN|Microsoft.EntityFrameworkCore.Model.Validation|No type was specified for the decimal column 'MaxTotal' on entity type 'SavingAccounts'. This will cause values to be silently truncated if they do not fit in the default precision and scale. Explicitly specify the SQL server column type that can accommodate all the values using 'HasColumnType()'.
2020-05-11 16:34:52.3672|INFO|Microsoft.Hosting.Lifetime|Application started. Press Ctrl+C to shut down.
2020-05-11 16:34:52.4851|INFO|Microsoft.Hosting.Lifetime|Hosting environment: Development
2020-05-11 16:34:52.5029|INFO|Microsoft.Hosting.Lifetime|Content root path: C:\Users\Admin\Desktop\WebProjekti\WebProjekti
2020-05-11 16:35:35.0610|WARN|Microsoft.EntityFrameworkCore.Model.Validation|No type was specified for the decimal column 'MaxTotal' on entity type 'SavingAccounts'. This will cause values to be silently truncated if they do not fit in the default precision and scale. Explicitly specify the SQL server column type that can accommodate all the values using 'HasColumnType()'.
2020-05-11 16:39:00.5381|INFO|Microsoft.Hosting.Lifetime|Application started. Press Ctrl+C to shut down.
2020-05-11 16:39:00.6427|INFO|Microsoft.Hosting.Lifetime|Hosting environment: Development
2020-05-11 16:39:00.6540|INFO|Microsoft.Hosting.Lifetime|Content root path: C:\Users\Admin\Desktop\WebProjekti\WebProjekti
2020-05-11 16:39:33.0113|WARN|Microsoft.EntityFrameworkCore.Model.Validation|No type was specified for the decimal column 'MaxTotal' on entity type 'SavingAccounts'. This will cause values to be silently truncated if they do not fit in the default precision and scale. Explicitly specify the SQL server column type that can accommodate all the values using 'HasColumnType()'.
2020-05-11 16:42:27.2510|INFO|Microsoft.Hosting.Lifetime|Application started. Press Ctrl+C to shut down.
2020-05-11 16:42:27.3794|INFO|Microsoft.Hosting.Lifetime|Hosting environment: Development
2020-05-11 16:42:27.3973|INFO|Microsoft.Hosting.Lifetime|Content root path: C:\Users\Admin\Desktop\WebProjekti\WebProjekti
2020-05-11 16:42:37.8321|WARN|Microsoft.EntityFrameworkCore.Model.Validation|No type was specified for the decimal column 'MaxTotal' on entity type 'SavingAccounts'. This will cause values to be silently truncated if they do not fit in the default precision and scale. Explicitly specify the SQL server column type that can accommodate all the values using 'HasColumnType()'.
2020-05-11 16:44:50.6260|INFO|Microsoft.Hosting.Lifetime|Application started. Press Ctrl+C to shut down.
2020-05-11 16:44:50.7762|INFO|Microsoft.Hosting.Lifetime|Hosting environment: Development
2020-05-11 16:44:50.7902|INFO|Microsoft.Hosting.Lifetime|Content root path: C:\Users\Admin\Desktop\WebProjekti\WebProjekti
2020-05-11 16:49:30.8589|WARN|Microsoft.EntityFrameworkCore.Model.Validation|No type was specified for the decimal column 'MaxTotal' on entity type 'SavingAccounts'. This will cause values to be silently truncated if they do not fit in the default precision and scale. Explicitly specify the SQL server column type that can accommodate all the values using 'HasColumnType()'.
2020-05-11 16:54:44.8725|INFO|Microsoft.Hosting.Lifetime|Application started. Press Ctrl+C to shut down.
2020-05-11 16:54:44.9904|INFO|Microsoft.Hosting.Lifetime|Hosting environment: Development
2020-05-11 16:54:44.9904|INFO|Microsoft.Hosting.Lifetime|Content root path: C:\Users\Admin\Desktop\WebProjekti\WebProjekti
2020-05-11 16:55:10.2139|WARN|Microsoft.EntityFrameworkCore.Model.Validation|No type was specified for the decimal column 'MaxTotal' on entity type 'SavingAccounts'. This will cause values to be silently truncated if they do not fit in the default precision and scale. Explicitly specify the SQL server column type that can accommodate all the values using 'HasColumnType()'.
2020-05-11 16:59:54.3438|INFO|Microsoft.Hosting.Lifetime|Application started. Press Ctrl+C to shut down.
2020-05-11 16:59:54.4704|INFO|Microsoft.Hosting.Lifetime|Hosting environment: Development
2020-05-11 16:59:54.4882|INFO|Microsoft.Hosting.Lifetime|Content root path: C:\Users\Admin\Desktop\WebProjekti\WebProjekti
2020-05-11 17:00:09.0218|WARN|Microsoft.EntityFrameworkCore.Model.Validation|No type was specified for the decimal column 'MaxTotal' on entity type 'SavingAccounts'. This will cause values to be silently truncated if they do not fit in the default precision and scale. Explicitly specify the SQL server column type that can accommodate all the values using 'HasColumnType()'.
2020-05-11 17:01:22.4192|INFO|Microsoft.Hosting.Lifetime|Application started. Press Ctrl+C to shut down.
2020-05-11 17:01:22.5549|INFO|Microsoft.Hosting.Lifetime|Hosting environment: Development
2020-05-11 17:01:22.5756|INFO|Microsoft.Hosting.Lifetime|Content root path: C:\Users\Admin\Desktop\WebProjekti\WebProjekti
2020-05-11 17:01:31.8983|WARN|Microsoft.EntityFrameworkCore.Model.Validation|No type was specified for the decimal column 'MaxTotal' on entity type 'SavingAccounts'. This will cause values to be silently truncated if they do not fit in the default precision and scale. Explicitly specify the SQL server column type that can accommodate all the values using 'HasColumnType()'.
2020-05-11 21:28:16.7227|INFO|Microsoft.Hosting.Lifetime|Application started. Press Ctrl+C to shut down.
2020-05-11 21:28:16.7750|INFO|Microsoft.Hosting.Lifetime|Hosting environment: Development
2020-05-11 21:28:16.7750|INFO|Microsoft.Hosting.Lifetime|Content root path: C:\Users\Admin\Desktop\WebProjekti\WebProjekti
2020-05-11 21:28:22.2437|WARN|Microsoft.EntityFrameworkCore.Model.Validation|No type was specified for the decimal column 'MaxTotal' on entity type 'SavingAccounts'. This will cause values to be silently truncated if they do not fit in the default precision and scale. Explicitly specify the SQL server column type that can accommodate all the values using 'HasColumnType()'.
2020-05-11 21:32:21.0157|INFO|Microsoft.Hosting.Lifetime|Application started. Press Ctrl+C to shut down.
2020-05-11 21:32:21.0746|INFO|Microsoft.Hosting.Lifetime|Hosting environment: Development
2020-05-11 21:32:21.0839|INFO|Microsoft.Hosting.Lifetime|Content root path: C:\Users\Admin\Desktop\WebProjekti\WebProjekti
2020-05-11 21:32:28.5042|WARN|Microsoft.EntityFrameworkCore.Model.Validation|No type was specified for the decimal column 'MaxTotal' on entity type 'SavingAccounts'. This will cause values to be silently truncated if they do not fit in the default precision and scale. Explicitly specify the SQL server column type that can accommodate all the values using 'HasColumnType()'.
2020-05-11 21:37:14.5378|INFO|Microsoft.Hosting.Lifetime|Application started. Press Ctrl+C to shut down.
2020-05-11 21:37:14.6042|INFO|Microsoft.Hosting.Lifetime|Hosting environment: Development
2020-05-11 21:37:14.6118|INFO|Microsoft.Hosting.Lifetime|Content root path: C:\Users\Admin\Desktop\WebProjekti\WebProjekti
2020-05-11 21:37:23.9013|WARN|Microsoft.EntityFrameworkCore.Model.Validation|No type was specified for the decimal column 'MaxTotal' on entity type 'SavingAccounts'. This will cause values to be silently truncated if they do not fit in the default precision and scale. Explicitly specify the SQL server column type that can accommodate all the values using 'HasColumnType()'.
2020-05-11 21:39:13.8064|INFO|Microsoft.Hosting.Lifetime|Application started. Press Ctrl+C to shut down.
2020-05-11 21:39:13.8616|INFO|Microsoft.Hosting.Lifetime|Hosting environment: Development
2020-05-11 21:39:13.8616|INFO|Microsoft.Hosting.Lifetime|Content root path: C:\Users\Admin\Desktop\WebProjekti\WebProjekti
2020-05-11 21:39:33.8294|WARN|Microsoft.EntityFrameworkCore.Model.Validation|No type was specified for the decimal column 'MaxTotal' on entity type 'SavingAccounts'. This will cause values to be silently truncated if they do not fit in the default precision and scale. Explicitly specify the SQL server column type that can accommodate all the values using 'HasColumnType()'.
2020-05-11 21:41:00.4298|INFO|Microsoft.Hosting.Lifetime|Application started. Press Ctrl+C to shut down.
2020-05-11 21:41:00.4939|INFO|Microsoft.Hosting.Lifetime|Hosting environment: Development
2020-05-11 21:41:00.4939|INFO|Microsoft.Hosting.Lifetime|Content root path: C:\Users\Admin\Desktop\WebProjekti\WebProjekti
2020-05-11 22:20:24.9274|INFO|Microsoft.Hosting.Lifetime|Application started. Press Ctrl+C to shut down.
2020-05-11 22:20:24.9876|INFO|Microsoft.Hosting.Lifetime|Hosting environment: Development
2020-05-11 22:20:24.9876|INFO|Microsoft.Hosting.Lifetime|Content root path: C:\Users\Admin\Desktop\WebProjekti\WebProjekti
2020-05-11 22:20:39.2934|WARN|Microsoft.EntityFrameworkCore.Model.Validation|No type was specified for the decimal column 'MaxTotal' on entity type 'SavingAccounts'. This will cause values to be silently truncated if they do not fit in the default precision and scale. Explicitly specify the SQL server column type that can accommodate all the values using 'HasColumnType()'.
2020-05-11 22:21:45.7933|INFO|Microsoft.Hosting.Lifetime|Application started. Press Ctrl+C to shut down.
2020-05-11 22:21:45.8528|INFO|Microsoft.Hosting.Lifetime|Hosting environment: Development
2020-05-11 22:21:45.8528|INFO|Microsoft.Hosting.Lifetime|Content root path: C:\Users\Admin\Desktop\WebProjekti\WebProjekti
2020-05-11 22:21:50.8238|WARN|Microsoft.EntityFrameworkCore.Model.Validation|No type was specified for the decimal column 'MaxTotal' on entity type 'SavingAccounts'. This will cause values to be silently truncated if they do not fit in the default precision and scale. Explicitly specify the SQL server column type that can accommodate all the values using 'HasColumnType()'.
2020-05-11 22:22:24.7131|ERROR|Microsoft.AspNetCore.Diagnostics.DeveloperExceptionPageMiddleware|An unhandled exception has occurred while executing the request.
2020-05-11 22:23:04.7320|INFO|Microsoft.Hosting.Lifetime|Application started. Press Ctrl+C to shut down.
2020-05-11 22:23:04.8192|INFO|Microsoft.Hosting.Lifetime|Hosting environment: Development
2020-05-11 22:23:04.8311|INFO|Microsoft.Hosting.Lifetime|Content root path: C:\Users\Admin\Desktop\WebProjekti\WebProjekti
2020-05-11 22:23:17.9403|WARN|Microsoft.EntityFrameworkCore.Model.Validation|No type was specified for the decimal column 'MaxTotal' on entity type 'SavingAccounts'. This will cause values to be silently truncated if they do not fit in the default precision and scale. Explicitly specify the SQL server column type that can accommodate all the values using 'HasColumnType()'.
2020-05-11 22:25:33.3193|INFO|Microsoft.Hosting.Lifetime|Application started. Press Ctrl+C to shut down.
2020-05-11 22:25:33.4140|INFO|Microsoft.Hosting.Lifetime|Hosting environment: Development
2020-05-11 22:25:33.4273|INFO|Microsoft.Hosting.Lifetime|Content root path: C:\Users\Admin\Desktop\WebProjekti\WebProjekti
2020-05-11 22:25:59.4094|INFO|Microsoft.Hosting.Lifetime|Application started. Press Ctrl+C to shut down.
2020-05-11 22:25:59.4888|INFO|Microsoft.Hosting.Lifetime|Hosting environment: Development
2020-05-11 22:25:59.4888|INFO|Microsoft.Hosting.Lifetime|Content root path: C:\Users\Admin\Desktop\WebProjekti\WebProjekti
2020-05-11 22:26:06.4548|WARN|Microsoft.EntityFrameworkCore.Model.Validation|No type was specified for the decimal column 'MaxTotal' on entity type 'SavingAccounts'. This will cause values to be silently truncated if they do not fit in the default precision and scale. Explicitly specify the SQL server column type that can accommodate all the values using 'HasColumnType()'.
2020-05-11 22:28:43.4571|INFO|Microsoft.Hosting.Lifetime|Application started. Press Ctrl+C to shut down.
2020-05-11 22:28:43.5208|INFO|Microsoft.Hosting.Lifetime|Hosting environment: Development
2020-05-11 22:28:43.5208|INFO|Microsoft.Hosting.Lifetime|Content root path: C:\Users\Admin\Desktop\WebProjekti\WebProjekti
2020-05-11 22:28:48.8084|WARN|Microsoft.EntityFrameworkCore.Model.Validation|No type was specified for the decimal column 'MaxTotal' on entity type 'SavingAccounts'. This will cause values to be silently truncated if they do not fit in the default precision and scale. Explicitly specify the SQL server column type that can accommodate all the values using 'HasColumnType()'.
2020-05-11 22:31:38.7850|INFO|Microsoft.Hosting.Lifetime|Application started. Press Ctrl+C to shut down.
2020-05-11 22:31:38.8596|INFO|Microsoft.Hosting.Lifetime|Hosting environment: Development
2020-05-11 22:31:38.8709|INFO|Microsoft.Hosting.Lifetime|Content root path: C:\Users\Admin\Desktop\WebProjekti\WebProjekti
2020-05-11 22:32:01.7190|INFO|Microsoft.Hosting.Lifetime|Application started. Press Ctrl+C to shut down.
2020-05-11 22:32:01.7769|INFO|Microsoft.Hosting.Lifetime|Hosting environment: Development
2020-05-11 22:32:01.7852|INFO|Microsoft.Hosting.Lifetime|Content root path: C:\Users\Admin\Desktop\WebProjekti\WebProjekti
2020-05-11 22:32:07.2686|WARN|Microsoft.EntityFrameworkCore.Model.Validation|No type was specified for the decimal column 'MaxTotal' on entity type 'SavingAccounts'. This will cause values to be silently truncated if they do not fit in the default precision and scale. Explicitly specify the SQL server column type that can accommodate all the values using 'HasColumnType()'.
2020-05-11 22:33:39.1560|INFO|Microsoft.Hosting.Lifetime|Application started. Press Ctrl+C to shut down.
2020-05-11 22:33:39.2053|INFO|Microsoft.Hosting.Lifetime|Hosting environment: Development
2020-05-11 22:33:39.2134|INFO|Microsoft.Hosting.Lifetime|Content root path: C:\Users\Admin\Desktop\WebProjekti\WebProjekti
2020-05-11 22:33:44.6853|WARN|Microsoft.EntityFrameworkCore.Model.Validation|No type was specified for the decimal column 'MaxTotal' on entity type 'SavingAccounts'. This will cause values to be silently truncated if they do not fit in the default precision and scale. Explicitly specify the SQL server column type that can accommodate all the values using 'HasColumnType()'.
2020-05-11 22:35:11.5632|INFO|Microsoft.Hosting.Lifetime|Application started. Press Ctrl+C to shut down.
2020-05-11 22:35:11.6265|INFO|Microsoft.Hosting.Lifetime|Hosting environment: Development
2020-05-11 22:35:11.6349|INFO|Microsoft.Hosting.Lifetime|Content root path: C:\Users\Admin\Desktop\WebProjekti\WebProjekti
2020-05-11 22:35:27.7310|WARN|Microsoft.EntityFrameworkCore.Model.Validation|No type was specified for the decimal column 'MaxTotal' on entity type 'SavingAccounts'. This will cause values to be silently truncated if they do not fit in the default precision and scale. Explicitly specify the SQL server column type that can accommodate all the values using 'HasColumnType()'.
2020-05-11 22:38:57.0975|INFO|Microsoft.Hosting.Lifetime|Application started. Press Ctrl+C to shut down.
2020-05-11 22:38:57.1566|INFO|Microsoft.Hosting.Lifetime|Hosting environment: Development
2020-05-11 22:38:57.1653|INFO|Microsoft.Hosting.Lifetime|Content root path: C:\Users\Admin\Desktop\WebProjekti\WebProjekti
2020-05-11 22:39:04.5748|WARN|Microsoft.EntityFrameworkCore.Model.Validation|No type was specified for the decimal column 'MaxTotal' on entity type 'SavingAccounts'. This will cause values to be silently truncated if they do not fit in the default precision and scale. Explicitly specify the SQL server column type that can accommodate all the values using 'HasColumnType()'.
2020-05-11 22:41:46.0170|INFO|Microsoft.Hosting.Lifetime|Application started. Press Ctrl+C to shut down.
2020-05-11 22:41:46.0848|INFO|Microsoft.Hosting.Lifetime|Hosting environment: Development
2020-05-11 22:41:46.0848|INFO|Microsoft.Hosting.Lifetime|Content root path: C:\Users\Admin\Desktop\WebProjekti\WebProjekti
2020-05-11 22:41:54.7272|WARN|Microsoft.EntityFrameworkCore.Model.Validation|No type was specified for the decimal column 'MaxTotal' on entity type 'SavingAccounts'. This will cause values to be silently truncated if they do not fit in the default precision and scale. Explicitly specify the SQL server column type that can accommodate all the values using 'HasColumnType()'.
2020-05-11 22:51:37.8466|INFO|Microsoft.Hosting.Lifetime|Application started. Press Ctrl+C to shut down.
2020-05-11 22:51:37.9113|INFO|Microsoft.Hosting.Lifetime|Hosting environment: Development
2020-05-11 22:51:37.9113|INFO|Microsoft.Hosting.Lifetime|Content root path: C:\Users\Admin\Desktop\WebProjekti\WebProjekti
2020-05-11 22:51:46.0184|WARN|Microsoft.EntityFrameworkCore.Model.Validation|No type was specified for the decimal column 'MaxTotal' on entity type 'SavingAccounts'. This will cause values to be silently truncated if they do not fit in the default precision and scale. Explicitly specify the SQL server column type that can accommodate all the values using 'HasColumnType()'.
2020-05-11 22:53:43.9182|INFO|Microsoft.Hosting.Lifetime|Application started. Press Ctrl+C to shut down.
2020-05-11 22:53:43.9777|INFO|Microsoft.Hosting.Lifetime|Hosting environment: Development
2020-05-11 22:53:43.9777|INFO|Microsoft.Hosting.Lifetime|Content root path: C:\Users\Admin\Desktop\WebProjekti\WebProjekti
2020-05-11 22:53:58.7294|WARN|Microsoft.EntityFrameworkCore.Model.Validation|No type was specified for the decimal column 'MaxTotal' on entity type 'SavingAccounts'. This will cause values to be silently truncated if they do not fit in the default precision and scale. Explicitly specify the SQL server column type that can accommodate all the values using 'HasColumnType()'.
2020-05-11 22:55:37.1538|INFO|Microsoft.Hosting.Lifetime|Application started. Press Ctrl+C to shut down.
2020-05-11 22:55:37.2127|INFO|Microsoft.Hosting.Lifetime|Hosting environment: Development
2020-05-11 22:55:37.2127|INFO|Microsoft.Hosting.Lifetime|Content root path: C:\Users\Admin\Desktop\WebProjekti\WebProjekti
2020-05-11 22:55:45.2006|WARN|Microsoft.EntityFrameworkCore.Model.Validation|No type was specified for the decimal column 'MaxTotal' on entity type 'SavingAccounts'. This will cause values to be silently truncated if they do not fit in the default precision and scale. Explicitly specify the SQL server column type that can accommodate all the values using 'HasColumnType()'.
2020-05-11 22:58:13.4348|INFO|Microsoft.Hosting.Lifetime|Application started. Press Ctrl+C to shut down.
2020-05-11 22:58:13.5034|INFO|Microsoft.Hosting.Lifetime|Hosting environment: Development
2020-05-11 22:58:13.5034|INFO|Microsoft.Hosting.Lifetime|Content root path: C:\Users\Admin\Desktop\WebProjekti\WebProjekti
2020-05-11 22:58:20.2410|WARN|Microsoft.EntityFrameworkCore.Model.Validation|No type was specified for the decimal column 'MaxTotal' on entity type 'SavingAccounts'. This will cause values to be silently truncated if they do not fit in the default precision and scale. Explicitly specify the SQL server column type that can accommodate all the values using 'HasColumnType()'.
